Next page target
'Cardston Alberta Temple'
'https://en.wikipedia.org/wiki/Cardston_Alberta_Temple'
Next page target
'Central Dunbartonshire'
'https://en.wikipedia.org/wiki/Central_Dunbartonshire'
Next page target
'Charles IX of Sweden'
'https://en.wikipedia.org/wiki/Charles_IX_of_Sweden'
Next page target
'Cornucopia, Wisconsin'
'https://en.wikipedia.org/wiki/Cornucopia%2C_Wisconsin'
Next page target
'Costa Rica'
'https://en.wikipedia.org/wiki/Costa_Rica'
Next citation target
'{{citation needed|date=May 2021}}'
'<<<KEEL_CITATION_NEEDED_14>>>'
("is death, these would re-ignite in the [[Thirty Years' War]] of 1618–1648. "
 'These conflicts had already caused the dynastic squabble rooted in religious '
 "freedom that deposed Charles' nephew (Sigismund III) and brought Charles to "
 'rule as king of Sweden.\n'
 '\n'
 'His reign marked the start of the final chapter (dated 16')
Next citation target
'{{citation needed|date=May 2021}}'
'<<<KEEL_CITATION_NEEDED_15>>>'
('religious controversy and discord followed.\n'
 '\n'
 'While King Sigismund resided in Poland, Charles and the [[Privy Council of '
 "Sweden|Swedish privy council]] ruled in Sigismund's name. After various "
 'preliminaries, the [[Riksdag of the Estates]] forced Sigismund to abdicate '
 'the throne to Charles IX in 1595. This even')
Next citation target
'{{citation needed|date=May 2021}}'
'<<<KEEL_CITATION_NEEDED_17>>>'
("icalized the later actions of Europe's Catholic princes in [[the German "
 'states]] such as the [[Edict of Restitution]] of 1629. In fact, it worsened '
 'European politics to the abandonment or prevention of settling events by '
 "diplomacy and compromise during the vast bloodletting of the Thirty Years' "
 'War.\n'
 '\n'
 '==Early ')
{'citation_submission_result': None,
 'error_message': "Using SOCKS proxy, but the 'socksio' package is not "
                  'installed. Make sure to install httpx using `pip install '
                  'httpx[socks]`.',
 'error_type': 'ImportError',
 'failed_stage': 'picking_a_citation_target',
 'finished_at': None,
 'run_id': 'b766d652-45a7-4d00-9563-f31a742af2df',
 'started_at': '2026-07-23T19:30:02.871870Z',
 'status': 'FAILURE',
 'success': False}
Next page target
'Gari stangeri'
'https://en.wikipedia.org/wiki/Gari_stangeri'
Next page target
'Gauge Change Train'
'https://en.wikipedia.org/wiki/Gauge_Change_Train'
Next page target
'Geely EX5'
'https://en.wikipedia.org/wiki/Geely_EX5'
Next page target
'Georgy Chulkov'
'https://en.wikipedia.org/wiki/Georgy_Chulkov'
Next page target
'Greet Minnen'
'https://en.wikipedia.org/wiki/Greet_Minnen'
Next citation target
'{{citation needed|date=June 2025}}'
'<<<KEEL_CITATION_NEEDED_4>>>'
(">'' was suspended in January 1905 during the turmoil of the [[Russian "
 "Revolution of 1905]], Chulkov moved to ''Voprosy Zhizni'' (''Problems of "
 "Life''), its replacement, where he worked with its editors [[Nikolai "
 'Berdyaev]], [[Sergei Bulgakov]] and [[Nikolai Lossky]] until it folded in '
 'December 1905.\n'
 '\n'
 'In 1906,')
Next citation target
'{{citation needed|date=June 2025}}'
'<<<KEEL_CITATION_NEEDED_6>>>'
('ical Anarchism" manifesto. Russian poets [[Alexander Blok]] and especially '
 '[[Vyacheslav Ivanov (poet)|Vyacheslav Ivanov]] were supportive of the new '
 'movement while [[Valery Bryusov]], the editor of the leading Symbolist '
 "magazine ''[[Vesy]]'' (''The Balance''), and [[Andrei Bely]] were opposed to "
 'it.\n'
 '\n'
 'Chulkov ')
Next citation target
'{{citation needed|date=June 2025}}'
'<<<KEEL_CITATION_NEEDED_7>>>'
(' pp. 67–68.</ref> After 1922 he concentrated on literary criticism and '
 'Russian history. Between 1925 and 1939 he published books about the '
 '[[Decembrist revolt]], [[Fyodor Tyutchev]], [[Alexander Pushkin]], [[Fyodor '
 'Dostoyevsky]], [[Don Quixote]] and the [[Romanov dynasty]] in the nineteenth '
 'century.\n'
 '\n'
 'Georgy C')
Next citation target
'{{citation needed|date=June 2025}}'
'<<<KEEL_CITATION_NEEDED_8>>>'
('he [[Decembrist revolt]], [[Fyodor Tyutchev]], [[Alexander Pushkin]], '
 '[[Fyodor Dostoyevsky]], [[Don Quixote]] and the [[Romanov dynasty]] in the '
 'nineteenth century.{{citation needed|date=June 2025}}\n'
 '\n'
 'Georgy Chulkov died in 1939 from emphysema. He was buried in Moscow at the '
 '[[Novodevichy Cemetery]].\n'
 '\n'
 '==Works=')
Chosen citation target
'{{citation needed|date=June 2025}}'
'<<<KEEL_CITATION_NEEDED_8>>>'
('he [[Decembrist revolt]], [[Fyodor Tyutchev]], [[Alexander Pushkin]], '
 '[[Fyodor Dostoyevsky]], [[Don Quixote]] and the [[Romanov dynasty]] in the '
 'nineteenth century.{{citation needed|date=June 2025}}\n'
 '\n'
 'Georgy Chulkov died in 1939 from emphysema. He was buried in Moscow at the '
 '[[Novodevichy Cemetery]].\n'
 '\n'
 '==Works=')
Next web hit
{'description': 'Between 1925 <strong>and</strong> <strong>1939</strong> '
                '<strong>he</strong> published books about '
                '<strong>the</strong> <strong>Decembrist</strong> '
                '<strong>revolt</strong>, <strong>Fyodor</strong> '
                '<strong>Tyutchev</strong>, <strong>Alexander</strong> '
                '<strong>Pushkin</strong>, <strong>Fyodor</strong> '
                '<strong>Dostoyevsky</strong>, <strong>Don</strong> '
                '<strong>Quixote</strong> <strong>and</strong> '
                '<strong>the</strong> <strong>Romanov</strong> '
                '<strong>dynasty</strong> <strong>in</strong> '
                '<strong>the</strong> <strong>nineteenth</strong> '
                '<strong>century</strong>. <strong>Georgy</strong> '
                '<strong>Chulkov</strong> <strong>died</strong> '
                '<strong>in</strong> <strong>1939</strong> '
                '<strong>from</strong> <strong>emphysema</strong>. '
                '<strong>He</strong> <strong>was</strong> '
                '<strong>buried</strong> <strong>in</strong> '
                '<strong>Moscow</strong> <strong>at</strong> '
                '<strong>the</strong> <strong>Novodevichy</strong> '
                '<strong>Cemetery</strong>.',
 'extra_snippets': "Letopis' zhizni i tvorchestwa F.I. Tyutcheva, Moscow, "
                   "1933. Don Kihot (Don Quixote), 1935, 109p. Zhizn' Pushkina "
                   '(Life of Pushkin), Moscow, Khudozhestvennaya literatura, '
                   "1938. Reprint edition: Zhizn' Pushkina, Moscow, Nash "
                   'dom—L’Age d’Homme, 1999, ... Kak rabotal Dostoevsky (How '
                   'Dostoyevsky Worked), Moscow, Sovetsky Pisatel, 1939, 335p.',
 'title': 'Georgy Chulkov - Wikipedia',
 'url': HttpUrl('https://en.wikipedia.org/wiki/Georgy_Chulkov')}
Next web hit
{'description': 'Between 1925 and 1939 he published books about the Decembrist '
                'revolt, Fyodor Tyutchev, Alexander Pushkin, Fyodor '
                'Dostoyevsky, Don Quixote and the Romanov dynasty in the '
                'nineteenth century. Georgy Ch<strong>ulkov died in '
                '1</strong>939 from emphysema. He was buried in Moscow at the '
                'Novodevichy Cemetery.',
 'extra_snippets': "Letopis' zhizni i tvorchestwa F.I. Tyutcheva, Moscow, "
                   "1933. Don Kihot (Don Quixote), 1935, 109p. Zhizn' Pushkina "
                   '(Life of Pushkin), Moscow, Khudozhestvennaya literatura, '
                   "1938. Reprint edition: Zhizn' Pushkina, Moscow, Nash "
                   'dom—L’Age d’Homme, 1999, ISBN:5-89136-021-7, 364p. Kak '
                   'rabotal Dostoevsky (How Dostoyevsky Worked), Moscow, '
                   'Sovetsky Pisatel, 1939, 335p.',
 'title': 'Georgy Chulkov Biography | HowOld.co',
 'url': HttpUrl('https://www.howold.co/person/georgy-chulkov/biography')}
Next web hit
{'description': 'Between 1925 and 1939 he <strong>published book</strong>s '
                'about the · Decembrist revolt, Fyodor Tyutchev, Alexander '
                'Pushkin, Fyodor Dostoyevsky, Don Quixote and the · Romanov '
                'dynasty in the nineteenth century.',
 'extra_snippets': '"Georgy Chulkov i ego poema "Rus\'", "Vestnik slavyanskih '
                   'kul\'tur" No. 1, Moscow, GASK, 2000, p.67-68] . After 1922 '
                   'he concentrated on literary criticism and Russian history. '
                   'Between 1925 and 1939 he published books about the · '
                   'Decembrist revolt, Fyodor Tyutchev, Alexander Pushkin, '
                   'Fyodor Dostoyevsky, Don Quixote and the · Romanov dynasty '
                   'in the nineteenth century.',
 'title': 'Georgy Chulkov',
 'url': HttpUrl('https://en-academic.com/dic.nsf/enwiki/2296765')}
Next web hit
{'description': 'After the war and the Russian Civil War that followed, '
                'Chulkov returned to writing, but found it difficult to '
                'publish poetry and fiction under the new Soviet regime: for '
                'example, his unpublished poe<strong>ms made fun of</strong> '
                'Marxism.',
 'extra_snippets': 'After the war and the Russian Civil War that followed, '
                   'Chulkov returned to writing, but found it difficult to '
                   'publish poetry and fiction under the new Soviet regime: '
                   'for example, his unpublished poems made fun of Marxism. '
                   'After 1922 he concentrated on literary criticism and '
                   'Russian history. Between 1925 and 1939 he published books '
                   'about the Decembrist revolt, Fyodor Tyutchev, Alexander '
                   'Pushkin, Fyodor Dostoyevsky, Don Quixote and the Romanov '
                   'dynasty in the nineteenth century.',
 'title': 'Georgy Chulkov Biography - Biography of Georgy Chulkov',
 'url': HttpUrl('https://www.poemhunter.com/georgy-chulkov/biography/')}
Next web hit
{'description': 'After the war and the Russian Civil War that followed, '
                'Chulkov returned to writing, but found it difficult to '
                'publish poetry and fiction under the new Soviet regime: for '
                'example, his unpublished poe<strong>ms made fun of</strong> '
                'Marxism.',
 'extra_snippets': 'After the war and the Russian Civil War that followed, '
                   'Chulkov returned to writing, but found it difficult to '
                   'publish poetry and fiction under the new Soviet regime: '@@ -18 +18 @@ ***
- Georgy Chulkov died in 1939 from emphysema. He was buried in Moscow at the [[Novodevichy Cemetery]].{{citation needed|date=June 2025}} ***
+ Georgy Chulkov died in 1939 from emphysema. He was buried in Moscow at the [[Novodevichy Cemetery]].<ref>{{cite web |title=Georgy Chulkov |url=https://en-academic.com/dic.nsf/enwiki/2296765 |access-date=2026-07-23}}</ref> ***

Page [[Georgy Chulkov]] saved

                   'for example, his unpublished poems made fun of Marxism. '
                   'After 1922 he concentrated on literary criticism and '
                   'Russian history. Between 1925 and 1939 he published books '
                   'about the Decembrist revolt, Fyodor Tyutchev, Alexander '
                   'Pushkin, Fyodor Dostoyevsky, Don Quixote and the Romanov '
                   'dynasty in the nineteenth century.)',
 'title': 'Georgy Chulkov - Poet Georgy Chulkov Poems',
 'url': HttpUrl('https://www.poemhunter.com/georgy-chulkov/')}
Next web hit
{'description': 'After the war and the Russian civil war that followed, '
                'Chulkov returned to writing, but it is difficult to publish '
                'poetry and fiction under the new Soviet regime: for example, '
                'his unpublished poems <strong>made fun of Mar</strong>xism.',
 'extra_snippets': 'Georgy Ivanovich Chulkov, 1 Feb 1879 - January 1, 1939 - '
                   'Russian poet-symbolist, editor, writer and critic. In 1906 '
                   'he created and popularized the theory of mystical '
                   'anarchism.',
 'title': 'Georgy Chulkov',
 'url': HttpUrl('https://amp.en.google-info.cn/4681472/1/georgy-chulkov.html')}
Next web hit
{'description': '<strong>The</strong> <strong>Decembrist</strong> '
                '<strong>revolt</strong> (Russian: Восстание декабристов, '
                'romanized: Vosstaniye dekabristov, lit. &#x27;Uprising of '
                '<strong>the</strong> <strong>Decembrists</strong>&#x27; ) '
                '<strong>was</strong> a failed coup d&#x27;état led by liberal '
                'military and political dissidents against the Russian Empire. '
                'It took place in Saint Petersburg on 26 December ...',
 'extra_snippets': 'But their revolt, unlike previous Romanov palace '
                   'revolutions, has been considered the beginning of a '
                   'revolutionary movement. The uprising was the first open '
                   'breach between the government and reformist elements of '
                   'the Russian nobility, which would subsequently widen. '
                   'Although the revolt was a proscribed topic during '
                   "Nicholas' reign, Alexander Herzen placed the profiles of "
                   'executed Decembrists on the cover of his radical '
                   'periodical Polar Star. Alexander Pushkin addressed poems '
                   'to his Decembrist friends; Nikolai Nekrasov, whose father '
                   'served together with Decembrists in Ukraine, wrote a long '
                   'poem about the Decembrist wives; and Leo Tolstoy started '
                   'writing a novel on that liberal movement, which would '
                   'later evolve into War and Peace.',
 'title': 'Decembrist revolt - Wikipedia',
 'url': HttpUrl('https://en.wikipedia.org/wiki/Decembrist_revolt')}
Next web hit
{'description': '<strong>Fyodor</strong> Mikhailovich Dostoevsky (11 November '
                '[O.S. 30 October] 1821 – 9 February [O.S. 28 January] 1881) '
                'was a Russian philosopher, novelist, short story writer, '
                'essayist and journalist. He is regarded as one of the '
                'greatest novelists in both Russian and world literature, and '
                'many of his works ...',
 'extra_snippets': 'Dostoevsky responded to these charges by declaring that he '
                   'had read the essays only "as a literary monument, neither '
                   'more nor less"; he spoke of "personality and human egoism" '
                   'rather than of politics. Even so, he and his fellow '
                   '"conspirators" were arrested on 23 April 1849 at the '
                   'request of Count Alexey Fyodorovich Orlov and Tsar '
                   'Nicholas I, who feared a revolution like the Decembrist '
                   'revolt of 1825 in Russia and the Revolutions of 1848 in '
                   'Europe.',
 'title': 'Fyodor Dostoevsky - Wikipedia',
 'url': HttpUrl('https://en.wikipedia.org/wiki/Fyodor_Dostoevsky')}
Next web hit
{'description': 'is said that at this meeting the two men came to a truce, '
                'Pushkin admitting that he would have · taken part in the '
                'Decembrist Revolt and Nicholas accepting.',
 'extra_snippets': 'Pushkin will be seen to symbolize values and attitudes '
                   'that he did not · hold. Efforts to challenge the '
                   'established image of the national poet have been viewed as '
                   'acts of ... Godunov. Boris Godunov addresses a critical '
                   'juncture in Russian history: the Time of Troubles, which '
                   'led to the establishment of the Romanov dynasty in 1613.',
 'title': 'Southern Methodist University Southern Methodist University SMU '
          'Scholar',
 'url': HttpUrl('https://scholar.smu.edu/cgi/viewcontent.cgi?article=1005&context=hum_sci_history_etds')}
Decision on support:
{'evidence_index': 2,
 'explanation': 'The source directly states that between 1925 and 1939 Georgy '
                'Chulkov published books about the Decembrist revolt, Fyodor '
                'Tyutchev, Alexander Pushkin, Fyodor Dostoyevsky, Don Quixote, '
                'and the Romanov dynasty in the nineteenth century.',
 'supports_claim': True}
{'citation_submission_result': {'production': True,
                                'revision_id': 1365669978,
                                'revision_url': 'https://en.wikipedia.org/w/index.php?title=Georgy_Chulkov&oldid=1365669978',
                                'success': True},
 'error_message': None,
 'error_type': None,
 'failed_stage': None,
 'finished_at': '2026-07-23T19:40:21.870827Z',
 'run_id': '0eb97513-7f55-409e-a99c-8547842ae013',
 'started_at': '2026-07-23T19:40:03.553342Z',
 'status': 'SUCCESS',
 'success': True}
